<?xml version="1.0" encoding="UTF-8"?>
<testng-results ignored="0" total="1" passed="1" failed="0" skipped="0">
  <reporter-output>
  </reporter-output>
  <suite started-at="2023-07-24T17:16:59 IST" name="Default suite" finished-at="2023-07-24T17:17:19 IST" duration-ms="20061">
    <groups>
    </groups>
    <test started-at="2023-07-24T17:16:59 IST" name="Default test" finished-at="2023-07-24T17:17:19 IST" duration-ms="20061">
      <class name="Test.Logintest">
        <test-method is-config="true" signature="a()[pri:0, instance:Test.Logintest@3e08ff24]" started-at="2023-07-24T17:16:59 IST" name="a" finished-at="2023-07-24T17:17:09 IST" duration-ms="9536" status="PASS">
          <reporter-output>
          </reporter-output>
        </test-method> <!-- a -->
        <test-method signature="setup()[pri:0, instance:Test.Logintest@3e08ff24]" started-at="2023-07-24T17:17:09 IST" name="setup" finished-at="2023-07-24T17:17:19 IST" duration-ms="10460" status="PASS">
          <reporter-output>
          </reporter-output>
        </test-method> <!-- setup -->
      </class> <!-- Test.Logintest -->
    </test> <!-- Default test -->
  </suite> <!-- Default suite -->
</testng-results>
